<?xml version="1.0" encoding="UTF-8"?>
<testng-results ignored="0" total="5" passed="5" failed="0" skipped="0">
  <reporter-output>
  </reporter-output>
  <suite started-at="2022-11-08T12:16:09 IST" name="Suite" finished-at="2022-11-08T12:16:09 IST" duration-ms="213">
    <groups>
    </groups>
    <test started-at="2022-11-08T12:16:09 IST" name="Test" finished-at="2022-11-08T12:16:09 IST" duration-ms="213">
      <class name="multi_class.class2">
        <test-method is-config="true" signature="delivery()[pri:0, instance:multi_class.class2@6631f5ca]" started-at="2022-11-08T12:16:09 IST" name="delivery" finished-at="2022-11-08T12:16:09 IST" duration-ms="1" status="PASS">
          <reporter-output>
          </reporter-output>
        </test-method> <!-- delivery -->
        <test-method signature="paymtdetails()[pri:5, instance:multi_class.class2@6631f5ca]" started-at="2022-11-08T12:16:09 IST" name="paymtdetails" finished-at="2022-11-08T12:16:09 IST" duration-ms="3" status="PASS">
          <reporter-output>
          </reporter-output>
        </test-method> <!-- paymtdetails -->
      </class> <!-- multi_class.class2 -->
      <class name="multi_class.class3">
        <test-method signature="feedback()[pri:6, instance:multi_class.class3@5ace1ed4]" started-at="2022-11-08T12:16:09 IST" name="feedback" finished-at="2022-11-08T12:16:09 IST" duration-ms="4" status="PASS">
          <reporter-output>
          </reporter-output>
        </test-method> <!-- feedback -->
        <test-method signature="close()[pri:7, instance:multi_class.class3@5ace1ed4]" started-at="2022-11-08T12:16:09 IST" name="close" finished-at="2022-11-08T12:16:09 IST" duration-ms="3" status="PASS">
          <reporter-output>
          </reporter-output>
        </test-method> <!-- close -->
      </class> <!-- multi_class.class3 -->
      <class name="multi_class.class1">
        <test-method signature="login()[pri:1, instance:multi_class.class1@1649b0e6]" started-at="2022-11-08T12:16:09 IST" name="login" finished-at="2022-11-08T12:16:09 IST" duration-ms="39" status="PASS">
          <reporter-output>
          </reporter-output>
        </test-method> <!-- login -->
        <test-method signature="tets3()[pri:2, instance:multi_class.class1@1649b0e6]" started-at="2022-11-08T12:16:09 IST" name="tets3" finished-at="2022-11-08T12:16:09 IST" duration-ms="5" status="PASS">
          <reporter-output>
          </reporter-output>
        </test-method> <!-- tets3 -->
        <test-method is-config="true" signature="cutsdeatils()[pri:0, instance:multi_class.class1@1649b0e6]" started-at="2022-11-08T12:16:09 IST" name="cutsdeatils" finished-at="2022-11-08T12:16:09 IST" duration-ms="3" status="PASS">
          <reporter-output>
          </reporter-output>
        </test-method> <!-- cutsdeatils -->
      </class> <!-- multi_class.class1 -->
    </test> <!-- Test -->
  </suite> <!-- Suite -->
</testng-results>
