<?xml version="1.0" encoding="UTF-8"?>
<!-- Generated by org.testng.reporters.JUnitXMLReporter -->
<testsuite ignored="0" hostname="LAPTOP-JNPJ40QE" failures="0" tests="4" name="Default test" time="0.101" errors="0" timestamp="2022-11-08T11:56:50 IST">
  <testcase classname="multi_class.class1" name="login" time="0.015"/>
  <testcase classname="multi_class.class1" name="cutsdeatils" time="0.002"/>
  <testcase classname="multi_class.class1" name="tets3" time="0.002"/>
  <testcase classname="multi_class.class2" name="delivery" time="0.001"/>
</testsuite> <!-- Default test -->
