<?xml version="1.0" encoding="UTF-8"?>
<!-- Generated by org.testng.reporters.JUnitXMLReporter -->
<testsuite ignored="0" hostname="LAPTOP-JNPJ40QE" failures="0" tests="5" name="Test" time="0.213" errors="0" timestamp="2022-11-08T12:16:09 IST">
  <testcase classname="multi_class.class1" name="login" time="0.039"/>
  <testcase classname="multi_class.class1" name="tets3" time="0.005"/>
  <testcase classname="multi_class.class2" name="paymtdetails" time="0.003"/>
  <testcase classname="multi_class.class3" name="feedback" time="0.004"/>
  <testcase classname="multi_class.class3" name="close" time="0.003"/>
</testsuite> <!-- Test -->
